  main.cpp
e:\visual c++ projects\project1\project1\main.cpp(45): warning C4305: =: усечение из "double" в "float"
e:\visual c++ projects\project1\project1\main.cpp(56): warning C4244: =: преобразование "double" в "float", возможна потеря данных
e:\visual c++ projects\project1\project1\main.cpp(62): warning C4244: +=: преобразование "double" в "float", возможна потеря данных
e:\visual c++ projects\project1\project1\main.cpp(78): warning C4244: инициализация: преобразование "T" в "int", возможна потеря данных
          with
          [
              T=float
          ]
e:\visual c++ projects\project1\project1\main.cpp(79): warning C4244: инициализация: преобразование "T" в "int", возможна потеря данных
          with
          [
              T=float
          ]
e:\visual c++ projects\project1\project1\main.cpp(84): warning C4244: =: преобразование "int" в "T", возможна потеря данных
          with
          [
              T=float
          ]
e:\visual c++ projects\project1\project1\main.cpp(86): warning C4244: =: преобразование "int" в "T", возможна потеря данных
          with
          [
              T=float
          ]
e:\visual c++ projects\project1\project1\main.cpp(116): warning C4244: инициализация: преобразование "sf::Int64" в "float", возможна потеря данных
e:\visual c++ projects\project1\project1\main.cpp(132): warning C4305: =: усечение из "double" в "float"
e:\visual c++ projects\project1\project1\main.cpp(138): warning C4305: =: усечение из "double" в "float"
e:\visual c++ projects\project1\project1\main.cpp(143): warning C4305: =: усечение из "double" в "float"
  Project1.vcxproj -> E:\visual c++ projects\Project1\Debug\Project1.exe
