  main.cpp
e:\visual c++ projects\project1\project1\main.cpp(224): warning C4305: =: усечение из "double" в "float"
e:\visual c++ projects\project1\project1\main.cpp(236): warning C4244: =: преобразование "double" в "float", возможна потеря данных
e:\visual c++ projects\project1\project1\main.cpp(242): warning C4244: +=: преобразование "double" в "float", возможна потеря данных
e:\visual c++ projects\project1\project1\main.cpp(259): warning C4244: инициализация: преобразование "T" в "int", возможна потеря данных
          with
          [
              T=float
          ]
e:\visual c++ projects\project1\project1\main.cpp(260): warning C4244: инициализация: преобразование "T" в "int", возможна потеря данных
          with
          [
              T=float
          ]
e:\visual c++ projects\project1\project1\main.cpp(270): warning C4244: =: преобразование "int" в "T", возможна потеря данных
          with
          [
              T=float
          ]
e:\visual c++ projects\project1\project1\main.cpp(278): warning C4244: =: преобразование "int" в "T", возможна потеря данных
          with
          [
              T=float
          ]
e:\visual c++ projects\project1\project1\main.cpp(307): warning C4244: аргумент: преобразование "int" в "T", возможна потеря данных
          with
          [
              T=float
          ]
e:\visual c++ projects\project1\project1\main.cpp(309): warning C4305: =: усечение из "double" в "float"
e:\visual c++ projects\project1\project1\main.cpp(321): warning C4244: +=: преобразование "double" в "float", возможна потеря данных
e:\visual c++ projects\project1\project1\main.cpp(336): warning C4244: инициализация: преобразование "T" в "int", возможна потеря данных
          with
          [
              T=float
          ]
e:\visual c++ projects\project1\project1\main.cpp(337): warning C4244: инициализация: преобразование "T" в "int", возможна потеря данных
          with
          [
              T=float
          ]
e:\visual c++ projects\project1\project1\main.cpp(346): warning C4244: =: преобразование "int" в "T", возможна потеря данных
          with
          [
              T=float
          ]
e:\visual c++ projects\project1\project1\main.cpp(385): warning C4244: инициализация: преобразование "sf::Int64" в "float", возможна потеря данных
e:\visual c++ projects\project1\project1\main.cpp(400): warning C4305: =: усечение из "double" в "float"
e:\visual c++ projects\project1\project1\main.cpp(402): warning C4305: =: усечение из "double" в "float"
e:\visual c++ projects\project1\project1\main.cpp(404): warning C4305: =: усечение из "double" в "float"
e:\visual c++ projects\project1\project1\main.cpp(415): warning C4305: =: усечение из "double" в "float"
  Project1.vcxproj -> E:\visual c++ projects\Project1\x64\Debug\Project1.exe
